<?xml version="1.0" encoding="UTF-8"?>
<testsuite name="TestStudent" tests="7" skipped="0" failures="0" errors="0" timestamp="2021-10-08T13:33:50" hostname="DESKTOP-MESPR6G" time="0.092">
  <properties/>
  <testcase name="testAddStudentToCourse()" classname="TestStudent" time="0.07"/>
  <testcase name="testAddStudentToModule()" classname="TestStudent" time="0.002"/>
  <testcase name="testAddModuleToCourse()" classname="TestStudent" time="0.001"/>
  <testcase name="testUserName()" classname="TestStudent" time="0.004"/>
  <testcase name="testAddModuleToStudent()" classname="TestStudent" time="0.001"/>
  <testcase name="testAddCourseToModule()" classname="TestStudent" time="0.001"/>
  <testcase name="testAddCourseToStudent()" classname="TestStudent" time="0.001"/>
  <system-out><![CDATA[HarryWilliams12343
]]></system-out>
  <system-err><![CDATA[]]></system-err>
</testsuite>
